::1 - - [13/Dec/2020:10:43:52 +0000] "GET / HTTP/1.1" 500 2997
::1 - - [13/Dec/2020:10:43:52 +0000] "GET /javascripts/scripts.js HTTP/1.1" 500 2997
::1 - - [13/Dec/2020:10:43:52 +0000] "GET /stylesheets/style.css HTTP/1.1" 500 2997
::1 - - [13/Dec/2020:10:43:52 +0000] "GET /javascripts/scripts.js HTTP/1.1" 500 2997
::1 - - [13/Dec/2020:10:43:52 +0000] "GET /stylesheets/style.css HTTP/1.1" 500 2997
::1 - - [13/Dec/2020:10:44:25 +0000] "GET / HTTP/1.1" 500 2997
::1 - - [13/Dec/2020:10:44:25 +0000] "GET /javascripts/scripts.js HTTP/1.1" 500 2997
::1 - - [13/Dec/2020:10:44:25 +0000] "GET /stylesheets/style.css HTTP/1.1" 500 2997
::1 - - [13/Dec/2020:10:44:27 +0000] "GET / HTTP/1.1" 500 2997
::1 - - [13/Dec/2020:10:44:27 +0000] "GET /javascripts/scripts.js HTTP/1.1" 500 2997
::1 - - [13/Dec/2020:10:44:27 +0000] "GET /stylesheets/style.css HTTP/1.1" 500 2997
::1 - - [13/Dec/2020:10:45:28 +0000] "GET / HTTP/1.1" 500 2997
::1 - - [13/Dec/2020:10:45:28 +0000] "GET /javascripts/scripts.js HTTP/1.1" 500 2997
::1 - - [13/Dec/2020:10:45:29 +0000] "GET /stylesheets/style.css HTTP/1.1" 500 2997
::1 - - [13/Dec/2020:10:46:28 +0000] "GET / HTTP/1.1" 500 2997
::1 - - [13/Dec/2020:10:46:28 +0000] "GET /javascripts/scripts.js HTTP/1.1" 500 2997
::1 - - [13/Dec/2020:10:46:28 +0000] "GET /stylesheets/style.css HTTP/1.1" 500 2997
::1 - - [13/Dec/2020:10:47:25 +0000] "GET / HTTP/1.1" 500 2997
::1 - - [13/Dec/2020:10:47:25 +0000] "GET /javascripts/scripts.js HTTP/1.1" 500 2997
::1 - - [13/Dec/2020:10:47:26 +0000] "GET /stylesheets/style.css HTTP/1.1" 500 2997
::1 - - [13/Dec/2020:10:47:47 +0000] "GET / HTTP/1.1" 500 2997
::1 - - [13/Dec/2020:10:47:47 +0000] "GET /javascripts/scripts.js HTTP/1.1" 500 2997
::ffff:127.0.0.1 - - [13/Dec/2020:10:47:47 +0000] "GET /stylesheets/style.css HTTP/1.1" 500 2997
::1 - - [13/Dec/2020:10:47:47 +0000] "GET /javascripts/scripts.js HTTP/1.1" 500 2997
::1 - - [13/Dec/2020:10:47:47 +0000] "GET /stylesheets/style.css HTTP/1.1" 500 2997
::1 - - [13/Dec/2020:10:49:03 +0000] "GET / HTTP/1.1" 404 2966
::1 - - [13/Dec/2020:10:49:04 +0000] "GET /javascripts/scripts.js HTTP/1.1" 404 2966
::1 - - [13/Dec/2020:10:49:04 +0000] "GET /stylesheets/style.css HTTP/1.1" 404 2966
::1 - - [13/Dec/2020:10:49:42 +0000] "GET / HTTP/1.1" 404 2966
::1 - - [13/Dec/2020:10:49:42 +0000] "GET /javascripts/scripts.js HTTP/1.1" 404 2966
::1 - - [13/Dec/2020:10:49:42 +0000] "GET /stylesheets/style.css HTTP/1.1" 404 2966
::1 - - [13/Dec/2020:10:50:28 +0000] "GET / HTTP/1.1" 404 2966
::1 - - [13/Dec/2020:10:50:28 +0000] "GET /javascripts/scripts.js HTTP/1.1" 404 2966
::1 - - [13/Dec/2020:10:50:28 +0000] "GET /stylesheets/style.css HTTP/1.1" 404 2966
::1 - - [13/Dec/2020:10:50:28 +0000] "GET /javascripts/scripts.js HTTP/1.1" 404 2966
::1 - - [13/Dec/2020:10:50:29 +0000] "GET /stylesheets/style.css HTTP/1.1" 404 2966
::1 - - [13/Dec/2020:10:50:44 +0000] "GET / HTTP/1.1" 200 1346
::1 - - [13/Dec/2020:10:50:44 +0000] "GET /stylesheets/style.css HTTP/1.1" 200 2164
::1 - - [13/Dec/2020:10:50:44 +0000] "GET /javascripts/scripts.js HTTP/1.1" 200 972
::1 - - [13/Dec/2020:10:50:50 +0000] "GET / HTTP/1.1" 304 -
::1 - - [13/Dec/2020:10:50:50 +0000] "GET /javascripts/scripts.js HTTP/1.1" 304 -
::1 - - [13/Dec/2020:10:50:50 +0000] "GET /stylesheets/style.css HTTP/1.1" 304 -
::1 - - [13/Dec/2020:10:50:51 +0000] "GET /api/feedbacks HTTP/1.1" 304 -
::1 - - [13/Dec/2020:10:50:51 +0000] "GET /javascripts/scripts.js HTTP/1.1" 304 -
::1 - - [13/Dec/2020:10:50:51 +0000] "GET /stylesheets/style.css HTTP/1.1" 304 -
::1 - - [13/Dec/2020:10:50:52 +0000] "GET /api/showResults HTTP/1.1" 304 -
::1 - - [13/Dec/2020:10:50:52 +0000] "GET /javascripts/scripts.js HTTP/1.1" 304 -
::1 - - [13/Dec/2020:10:50:52 +0000] "GET /stylesheets/style.css HTTP/1.1" 304 -
::1 - - [13/Dec/2020:10:50:57 +0000] "GET / HTTP/1.1" 304 -
::1 - - [13/Dec/2020:10:50:57 +0000] "GET /javascripts/scripts.js HTTP/1.1" 304 -
::1 - - [13/Dec/2020:10:50:57 +0000] "GET /stylesheets/style.css HTTP/1.1" 304 -
::1 - - [13/Dec/2020:10:51:11 +0000] "GET / HTTP/1.1" 500 2589
::1 - - [13/Dec/2020:10:52:03 +0000] "GET / HTTP/1.1" 500 2589
::1 - - [13/Dec/2020:10:52:24 +0000] "GET / HTTP/1.1" 404 2966
::1 - - [13/Dec/2020:10:52:25 +0000] "GET /javascripts/scripts.js HTTP/1.1" 404 2966
::1 - - [13/Dec/2020:10:52:25 +0000] "GET /stylesheets/style.css HTTP/1.1" 404 2966
::1 - - [13/Dec/2020:10:52:25 +0000] "GET /javascripts/scripts.js HTTP/1.1" 404 2966
::1 - - [13/Dec/2020:10:52:25 +0000] "GET /stylesheets/style.css HTTP/1.1" 404 2966
::1 - - [13/Dec/2020:10:53:04 +0000] "GET / HTTP/1.1" 404 2966
::1 - - [13/Dec/2020:10:53:04 +0000] "GET /javascripts/scripts.js HTTP/1.1" 404 2966
::1 - - [13/Dec/2020:10:53:04 +0000] "GET /stylesheets/style.css HTTP/1.1" 404 2966
::1 - - [13/Dec/2020:10:53:04 +0000] "GET /javascripts/scripts.js HTTP/1.1" 404 2966
::1 - - [13/Dec/2020:10:53:04 +0000] "GET /stylesheets/style.css HTTP/1.1" 404 2966
::1 - - [13/Dec/2020:10:56:53 +0000] "GET / HTTP/1.1" 404 2964
::1 - - [13/Dec/2020:10:56:53 +0000] "GET /javascripts/scripts.js HTTP/1.1" 404 2964
::1 - - [13/Dec/2020:10:56:54 +0000] "GET /stylesheets/style.css HTTP/1.1" 404 2964
::1 - - [13/Dec/2020:10:56:54 +0000] "GET /javascripts/scripts.js HTTP/1.1" 404 2964
::1 - - [13/Dec/2020:10:56:54 +0000] "GET /stylesheets/style.css HTTP/1.1" 404 2964
::1 - - [13/Dec/2020:11:00:54 +0000] "GET / HTTP/1.1" 404 2964
::1 - - [13/Dec/2020:11:00:54 +0000] "GET /javascripts/scripts.js HTTP/1.1" 404 2964
::1 - - [13/Dec/2020:11:00:54 +0000] "GET /stylesheets/style.css HTTP/1.1" 404 2964
::1 - - [13/Dec/2020:11:02:17 +0000] "GET / HTTP/1.1" 404 2964
::1 - - [13/Dec/2020:11:02:17 +0000] "GET /javascripts/scripts.js HTTP/1.1" 404 2964
::1 - - [13/Dec/2020:11:02:17 +0000] "GET /stylesheets/style.css HTTP/1.1" 404 2964
::1 - - [13/Dec/2020:11:02:27 +0000] "GET / HTTP/1.1" 404 2964
::1 - - [13/Dec/2020:11:02:27 +0000] "GET /javascripts/scripts.js HTTP/1.1" 404 2964
::1 - - [13/Dec/2020:11:02:27 +0000] "GET /stylesheets/style.css HTTP/1.1" 404 2964
::1 - - [13/Dec/2020:11:02:27 +0000] "GET /javascripts/scripts.js HTTP/1.1" 404 2964
::1 - - [13/Dec/2020:11:02:27 +0000] "GET /stylesheets/style.css HTTP/1.1" 404 2964
::1 - - [13/Dec/2020:11:02:37 +0000] "GET / HTTP/1.1" 404 2964
::1 - - [13/Dec/2020:11:02:37 +0000] "GET /javascripts/scripts.js HTTP/1.1" 404 2964
::1 - - [13/Dec/2020:11:02:37 +0000] "GET /stylesheets/style.css HTTP/1.1" 404 2964
::1 - - [13/Dec/2020:11:02:38 +0000] "GET /javascripts/scripts.js HTTP/1.1" 404 2964
::1 - - [13/Dec/2020:11:02:38 +0000] "GET /stylesheets/style.css HTTP/1.1" 404 2964
::1 - - [14/Dec/2020:07:39:17 +0000] "GET / HTTP/1.1" 500 2589
::1 - - [14/Dec/2020:08:17:21 +0000] "GET / HTTP/1.1" 500 3005
::1 - - [14/Dec/2020:08:25:48 +0000] "GET / HTTP/1.1" 500 3005
::1 - - [14/Dec/2020:08:25:49 +0000] "GET / HTTP/1.1" 500 3005
::1 - - [14/Dec/2020:08:27:08 +0000] "GET / HTTP/1.1" 500 3005
::1 - - [14/Dec/2020:08:29:17 +0000] "GET / HTTP/1.1" 500 3005
::1 - - [14/Dec/2020:08:41:11 +0000] "GET / HTTP/1.1" 500 3005
::1 - - [14/Dec/2020:08:41:57 +0000] "GET / HTTP/1.1" 500 3005
::1 - - [14/Dec/2020:08:42:17 +0000] "GET / HTTP/1.1" 500 3005
::1 - - [14/Dec/2020:08:46:52 +0000] "GET / HTTP/1.1" 200 1346
::1 - - [14/Dec/2020:08:48:14 +0000] "GET / HTTP/1.1" 304 -
::1 - - [14/Dec/2020:08:53:51 +0000] "GET / HTTP/1.1" 304 -
::1 - - [14/Dec/2020:09:00:58 +0000] "GET / HTTP/1.1" 500 3005
::1 - - [14/Dec/2020:09:01:31 +0000] "GET / HTTP/1.1" 500 3005
::1 - - [14/Dec/2020:09:01:39 +0000] "GET / HTTP/1.1" 500 3005
::1 - - [14/Dec/2020:09:03:41 +0000] "GET / HTTP/1.1" 500 3005
::1 - - [14/Dec/2020:09:07:36 +0000] "GET / HTTP/1.1" 500 3005
::1 - - [14/Dec/2020:09:07:36 +0000] "GET /javascripts/scripts.js HTTP/1.1" 304 -
::1 - - [14/Dec/2020:09:07:36 +0000] "GET /stylesheets/style.css HTTP/1.1" 304 -
::1 - - [14/Dec/2020:09:10:10 +0000] "GET / HTTP/1.1" 500 3005
::1 - - [14/Dec/2020:09:10:10 +0000] "GET /javascripts/scripts.js HTTP/1.1" 304 -
::1 - - [14/Dec/2020:09:10:10 +0000] "GET /stylesheets/style.css HTTP/1.1" 304 -
::1 - - [14/Dec/2020:09:11:08 +0000] "GET / HTTP/1.1" 500 3005
::1 - - [14/Dec/2020:09:11:08 +0000] "GET /javascripts/scripts.js HTTP/1.1" 304 -
::1 - - [14/Dec/2020:09:11:08 +0000] "GET /stylesheets/style.css HTTP/1.1" 304 -
::1 - - [14/Dec/2020:09:12:24 +0000] "GET / HTTP/1.1" 500 3005
::1 - - [14/Dec/2020:09:12:25 +0000] "GET /javascripts/scripts.js HTTP/1.1" 304 -
::1 - - [14/Dec/2020:09:12:25 +0000] "GET /stylesheets/style.css HTTP/1.1" 304 -
::1 - - [14/Dec/2020:09:26:38 +0000] "GET / HTTP/1.1" 500 1796
::1 - - [14/Dec/2020:09:27:15 +0000] "GET / HTTP/1.1" 500 3005
::1 - - [14/Dec/2020:09:27:15 +0000] "GET /javascripts/scripts.js HTTP/1.1" 304 -
::1 - - [14/Dec/2020:09:27:15 +0000] "GET /stylesheets/style.css HTTP/1.1" 304 -
::1 - - [14/Dec/2020:09:27:48 +0000] "GET / HTTP/1.1" 500 3007
::1 - - [14/Dec/2020:09:27:48 +0000] "GET /javascripts/scripts.js HTTP/1.1" 304 -
::1 - - [14/Dec/2020:09:27:48 +0000] "GET /stylesheets/style.css HTTP/1.1" 304 -
::1 - - [14/Dec/2020:09:28:31 +0000] "GET / HTTP/1.1" 500 3007
::1 - - [14/Dec/2020:09:28:31 +0000] "GET /javascripts/scripts.js HTTP/1.1" 304 -
::1 - - [14/Dec/2020:09:28:31 +0000] "GET /stylesheets/style.css HTTP/1.1" 304 -
::1 - - [14/Dec/2020:09:29:46 +0000] "GET / HTTP/1.1" 500 3007
::1 - - [14/Dec/2020:09:29:46 +0000] "GET /javascripts/scripts.js HTTP/1.1" 304 -
::1 - - [14/Dec/2020:09:29:46 +0000] "GET /stylesheets/style.css HTTP/1.1" 304 -
::1 - - [14/Dec/2020:09:35:38 +0000] "GET / HTTP/1.1" 500 3038
::1 - - [14/Dec/2020:09:35:38 +0000] "GET /javascripts/scripts.js HTTP/1.1" 304 -
::1 - - [14/Dec/2020:09:35:38 +0000] "GET /stylesheets/style.css HTTP/1.1" 304 -
::1 - - [14/Dec/2020:09:36:54 +0000] "GET / HTTP/1.1" 200 1346
::1 - - [14/Dec/2020:09:36:54 +0000] "GET /javascripts/scripts.js HTTP/1.1" 304 -
::1 - - [14/Dec/2020:09:36:54 +0000] "GET /stylesheets/style.css HTTP/1.1" 304 -
::1 - - [14/Dec/2020:09:37:07 +0000] "GET / HTTP/1.1" 304 -
::1 - - [14/Dec/2020:09:37:07 +0000] "GET /javascripts/scripts.js HTTP/1.1" 304 -
::ffff:127.0.0.1 - - [14/Dec/2020:09:37:07 +0000] "GET /stylesheets/style.css HTTP/1.1" 304 -
::ffff:127.0.0.1 - - [14/Dec/2020:09:37:10 +0000] "GET / HTTP/1.1" 304 -
::ffff:127.0.0.1 - - [14/Dec/2020:09:37:10 +0000] "GET /javascripts/scripts.js HTTP/1.1" 304 -
::1 - - [14/Dec/2020:09:37:10 +0000] "GET /stylesheets/style.css HTTP/1.1" 304 -
::1 - - [14/Dec/2020:09:37:14 +0000] "GET /api/feedbacks HTTP/1.1" 304 -
::1 - - [14/Dec/2020:09:37:14 +0000] "GET /javascripts/scripts.js HTTP/1.1" 304 -
::ffff:127.0.0.1 - - [14/Dec/2020:09:37:14 +0000] "GET /stylesheets/style.css HTTP/1.1" 304 -
::ffff:127.0.0.1 - - [14/Dec/2020:09:37:25 +0000] "GET /api/showResults HTTP/1.1" 304 -
::ffff:127.0.0.1 - - [14/Dec/2020:09:37:25 +0000] "GET /javascripts/scripts.js HTTP/1.1" 304 -
::1 - - [14/Dec/2020:09:37:25 +0000] "GET /stylesheets/style.css HTTP/1.1" 304 -
::1 - - [14/Dec/2020:09:37:28 +0000] "GET /api/showResults HTTP/1.1" 304 -
::1 - - [14/Dec/2020:09:37:28 +0000] "GET /javascripts/scripts.js HTTP/1.1" 304 -
::ffff:127.0.0.1 - - [14/Dec/2020:09:37:28 +0000] "GET /stylesheets/style.css HTTP/1.1" 304 -
::1 - - [14/Dec/2020:09:44:49 +0000] "GET /api/feedbacks HTTP/1.1" 304 -
::1 - - [14/Dec/2020:09:44:49 +0000] "GET /javascripts/scripts.js HTTP/1.1" 304 -
::1 - - [14/Dec/2020:09:44:49 +0000] "GET /stylesheets/style.css HTTP/1.1" 304 -
::1 - - [14/Dec/2020:09:44:58 +0000] "GET /api/showResults HTTP/1.1" 304 -
::1 - - [14/Dec/2020:09:44:58 +0000] "GET /javascripts/scripts.js HTTP/1.1" 304 -
::1 - - [14/Dec/2020:09:44:58 +0000] "GET /stylesheets/style.css HTTP/1.1" 304 -
::1 - - [14/Dec/2020:09:44:59 +0000] "GET /api/feedbacks HTTP/1.1" 304 -
::1 - - [14/Dec/2020:09:44:59 +0000] "GET /javascripts/scripts.js HTTP/1.1" 304 -
::1 - - [14/Dec/2020:09:44:59 +0000] "GET /stylesheets/style.css HTTP/1.1" 304 -
::1 - - [21/Dec/2020:08:52:19 +0000] "GET / HTTP/1.1" 200 1112
::1 - - [21/Dec/2020:08:52:19 +0000] "GET /javascripts/scripts.js HTTP/1.1" 200 972
::1 - - [21/Dec/2020:08:52:19 +0000] "GET /stylesheets/style.css HTTP/1.1" 200 2164
::1 - - [21/Dec/2020:08:52:19 +0000] "GET /favicon.ico HTTP/1.1" 500 2350
::1 - - [21/Dec/2020:08:52:35 +0000] "POST / HTTP/1.1" 500 3026
::1 - - [21/Dec/2020:08:52:35 +0000] "GET /javascripts/scripts.js HTTP/1.1" 304 -
::1 - - [21/Dec/2020:08:52:35 +0000] "GET /stylesheets/style.css HTTP/1.1" 304 -
::1 - - [21/Dec/2020:08:52:36 +0000] "GET /favicon.ico HTTP/1.1" 500 2350
::1 - - [21/Dec/2020:08:55:49 +0000] "GET / HTTP/1.1" 304 -
::1 - - [21/Dec/2020:08:55:49 +0000] "GET /javascripts/scripts.js HTTP/1.1" 304 -
::1 - - [21/Dec/2020:08:55:49 +0000] "GET /stylesheets/style.css HTTP/1.1" 304 -
::1 - - [21/Dec/2020:08:55:49 +0000] "GET /favicon.ico HTTP/1.1" 500 2350
::1 - - [21/Dec/2020:09:05:54 +0000] "POST / HTTP/1.1" 500 3026
::1 - - [21/Dec/2020:09:05:54 +0000] "GET /javascripts/scripts.js HTTP/1.1" 304 -
::1 - - [21/Dec/2020:09:05:54 +0000] "GET /stylesheets/style.css HTTP/1.1" 304 -
::1 - - [21/Dec/2020:09:05:54 +0000] "GET /favicon.ico HTTP/1.1" 500 2350
::1 - - [02/Jan/2021:04:57:54 +0000] "GET / HTTP/1.1" 200 1112
::1 - - [02/Jan/2021:04:57:54 +0000] "GET /javascripts/scripts.js HTTP/1.1" 200 972
::1 - - [02/Jan/2021:04:57:54 +0000] "GET /stylesheets/style.css HTTP/1.1" 200 2164
::1 - - [02/Jan/2021:04:57:54 +0000] "GET /favicon.ico HTTP/1.1" 500 2350
::1 - - [02/Jan/2021:04:57:54 +0000] "GET / HTTP/1.1" 304 -
::1 - - [02/Jan/2021:04:57:54 +0000] "GET /javascripts/scripts.js HTTP/1.1" 304 -
::1 - - [02/Jan/2021:04:57:54 +0000] "GET /stylesheets/style.css HTTP/1.1" 304 -
::1 - - [02/Jan/2021:04:57:54 +0000] "GET /favicon.ico HTTP/1.1" 500 2350
::1 - - [02/Jan/2021:04:58:00 +0000] "POST / HTTP/1.1" 500 3026
::1 - - [02/Jan/2021:04:58:00 +0000] "GET /javascripts/scripts.js HTTP/1.1" 304 -
::1 - - [02/Jan/2021:04:58:00 +0000] "GET /stylesheets/style.css HTTP/1.1" 304 -
::1 - - [02/Jan/2021:04:58:00 +0000] "GET /favicon.ico HTTP/1.1" 500 2350
::1 - - [02/Jan/2021:05:00:06 +0000] "GET / HTTP/1.1" 304 -
::1 - - [02/Jan/2021:05:00:06 +0000] "GET /javascripts/scripts.js HTTP/1.1" 304 -
::1 - - [02/Jan/2021:05:00:06 +0000] "GET /stylesheets/style.css HTTP/1.1" 304 -
::1 - - [02/Jan/2021:05:00:06 +0000] "GET /favicon.ico HTTP/1.1" 500 2350
::1 - - [02/Jan/2021:05:00:14 +0000] "POST / HTTP/1.1" 500 3026
::1 - - [02/Jan/2021:05:00:14 +0000] "GET /javascripts/scripts.js HTTP/1.1" 304 -
::1 - - [02/Jan/2021:05:00:14 +0000] "GET /stylesheets/style.css HTTP/1.1" 304 -
::1 - - [02/Jan/2021:05:00:14 +0000] "GET /favicon.ico HTTP/1.1" 500 2350
::1 - - [02/Jan/2021:05:00:16 +0000] "GET / HTTP/1.1" 304 -
::1 - - [02/Jan/2021:05:00:16 +0000] "GET /javascripts/scripts.js HTTP/1.1" 304 -
::1 - - [02/Jan/2021:05:00:16 +0000] "GET /stylesheets/style.css HTTP/1.1" 304 -
::1 - - [02/Jan/2021:05:00:17 +0000] "GET /favicon.ico HTTP/1.1" 500 2350
::1 - - [02/Jan/2021:05:00:22 +0000] "POST / HTTP/1.1" 500 3026
::1 - - [02/Jan/2021:05:00:22 +0000] "GET /javascripts/scripts.js HTTP/1.1" 304 -
::1 - - [02/Jan/2021:05:00:22 +0000] "GET /stylesheets/style.css HTTP/1.1" 304 -
::1 - - [02/Jan/2021:05:00:22 +0000] "GET /favicon.ico HTTP/1.1" 500 2350
::1 - - [02/Jan/2021:05:04:23 +0000] "GET / HTTP/1.1" 304 -
::1 - - [02/Jan/2021:05:04:23 +0000] "GET /javascripts/scripts.js HTTP/1.1" 304 -
::1 - - [02/Jan/2021:05:04:23 +0000] "GET /stylesheets/style.css HTTP/1.1" 304 -
::1 - - [02/Jan/2021:05:04:24 +0000] "GET /favicon.ico HTTP/1.1" 500 2350
::1 - - [02/Jan/2021:05:04:37 +0000] "POST / HTTP/1.1" 500 3026
::1 - - [02/Jan/2021:05:04:37 +0000] "GET /javascripts/scripts.js HTTP/1.1" 304 -
::1 - - [02/Jan/2021:05:04:37 +0000] "GET /stylesheets/style.css HTTP/1.1" 304 -
::1 - - [02/Jan/2021:05:04:37 +0000] "GET /favicon.ico HTTP/1.1" 500 2350
::1 - - [02/Jan/2021:05:06:20 +0000] "GET / HTTP/1.1" 304 -
::1 - - [02/Jan/2021:05:06:20 +0000] "GET /javascripts/scripts.js HTTP/1.1" 304 -
::1 - - [02/Jan/2021:05:06:20 +0000] "GET /stylesheets/style.css HTTP/1.1" 304 -
::1 - - [02/Jan/2021:05:06:20 +0000] "GET /favicon.ico HTTP/1.1" 404 2318
::1 - - [02/Jan/2021:05:06:57 +0000] "POST / HTTP/1.1" 500 3026
::1 - - [02/Jan/2021:05:06:57 +0000] "GET /javascripts/scripts.js HTTP/1.1" 304 -
::1 - - [02/Jan/2021:05:06:57 +0000] "GET /stylesheets/style.css HTTP/1.1" 304 -
::1 - - [02/Jan/2021:05:07:49 +0000] "GET / HTTP/1.1" 304 -
::1 - - [02/Jan/2021:05:07:49 +0000] "GET /javascripts/scripts.js HTTP/1.1" 304 -
::ffff:127.0.0.1 - - [02/Jan/2021:05:07:49 +0000] "GET /stylesheets/style.css HTTP/1.1" 304 -
::ffff:127.0.0.1 - - [02/Jan/2021:05:07:50 +0000] "POST / HTTP/1.1" 500 3026
::ffff:127.0.0.1 - - [02/Jan/2021:05:07:50 +0000] "GET /javascripts/scripts.js HTTP/1.1" 304 -
::1 - - [02/Jan/2021:05:07:50 +0000] "GET /stylesheets/style.css HTTP/1.1" 304 -
::1 - - [02/Jan/2021:05:08:11 +0000] "GET / HTTP/1.1" 304 -
::1 - - [02/Jan/2021:05:08:11 +0000] "GET /javascripts/scripts.js HTTP/1.1" 304 -
::ffff:127.0.0.1 - - [02/Jan/2021:05:08:11 +0000] "GET /stylesheets/style.css HTTP/1.1" 304 -
::ffff:127.0.0.1 - - [02/Jan/2021:05:08:14 +0000] "POST / HTTP/1.1" 500 3026
::ffff:127.0.0.1 - - [02/Jan/2021:05:08:14 +0000] "GET /javascripts/scripts.js HTTP/1.1" 304 -
::1 - - [02/Jan/2021:05:08:14 +0000] "GET /stylesheets/style.css HTTP/1.1" 304 -
::1 - - [02/Jan/2021:05:08:35 +0000] "GET / HTTP/1.1" 304 -
::1 - - [02/Jan/2021:05:08:35 +0000] "GET /javascripts/scripts.js HTTP/1.1" 304 -
::1 - - [02/Jan/2021:05:08:35 +0000] "GET /stylesheets/style.css HTTP/1.1" 304 -
::1 - - [02/Jan/2021:05:08:37 +0000] "POST / HTTP/1.1" 500 3026
::1 - - [02/Jan/2021:05:08:37 +0000] "GET /javascripts/scripts.js HTTP/1.1" 304 -
::1 - - [02/Jan/2021:05:08:37 +0000] "GET /stylesheets/style.css HTTP/1.1" 304 -
::1 - - [02/Jan/2021:05:09:04 +0000] "GET / HTTP/1.1" 304 -
::1 - - [02/Jan/2021:05:09:04 +0000] "GET /javascripts/scripts.js HTTP/1.1" 304 -
::1 - - [02/Jan/2021:05:09:04 +0000] "GET /stylesheets/style.css HTTP/1.1" 304 -
::1 - - [02/Jan/2021:05:18:16 +0000] "GET / HTTP/1.1" 304 -
::1 - - [02/Jan/2021:05:18:16 +0000] "GET /javascripts/scripts.js HTTP/1.1" 304 -
::1 - - [02/Jan/2021:05:18:16 +0000] "GET /stylesheets/style.css HTTP/1.1" 304 -
::1 - - [02/Jan/2021:05:18:19 +0000] "POST / HTTP/1.1" 500 3026
::1 - - [02/Jan/2021:05:18:19 +0000] "GET /javascripts/scripts.js HTTP/1.1" 304 -
::1 - - [02/Jan/2021:05:18:19 +0000] "GET /stylesheets/style.css HTTP/1.1" 304 -
::1 - - [02/Jan/2021:05:18:36 +0000] "GET / HTTP/1.1" 304 -
::1 - - [02/Jan/2021:05:18:36 +0000] "GET /javascripts/scripts.js HTTP/1.1" 304 -
::1 - - [02/Jan/2021:05:18:36 +0000] "GET /stylesheets/style.css HTTP/1.1" 304 -
::1 - - [02/Jan/2021:05:20:25 +0000] "GET / HTTP/1.1" 304 -
::1 - - [02/Jan/2021:05:20:25 +0000] "GET /javascripts/scripts.js HTTP/1.1" 304 -
::1 - - [02/Jan/2021:05:20:25 +0000] "GET /stylesheets/style.css HTTP/1.1" 304 -
::1 - - [02/Jan/2021:05:26:33 +0000] "GET / HTTP/1.1" 200 1112
::1 - - [02/Jan/2021:05:26:33 +0000] "GET /javascripts/scripts.js HTTP/1.1" 304 -
::1 - - [02/Jan/2021:05:26:33 +0000] "GET /stylesheets/style.css HTTP/1.1" 304 -
::1 - - [02/Jan/2021:05:26:37 +0000] "POST / HTTP/1.1" 500 3026
::1 - - [02/Jan/2021:05:26:37 +0000] "GET /javascripts/scripts.js HTTP/1.1" 304 -
::1 - - [02/Jan/2021:05:26:37 +0000] "GET /stylesheets/style.css HTTP/1.1" 304 -
::1 - - [02/Jan/2021:05:27:34 +0000] "GET / HTTP/1.1" 304 -
::1 - - [02/Jan/2021:05:27:34 +0000] "GET /javascripts/scripts.js HTTP/1.1" 304 -
::1 - - [02/Jan/2021:05:27:34 +0000] "GET /stylesheets/style.css HTTP/1.1" 304 -
::1 - - [02/Jan/2021:05:27:36 +0000] "POST / HTTP/1.1" 500 3026
::1 - - [02/Jan/2021:05:27:36 +0000] "GET /javascripts/scripts.js HTTP/1.1" 304 -
::1 - - [02/Jan/2021:05:27:36 +0000] "GET /stylesheets/style.css HTTP/1.1" 304 -
::1 - - [02/Jan/2021:05:28:27 +0000] "GET / HTTP/1.1" 304 -
::1 - - [02/Jan/2021:05:28:27 +0000] "GET /javascripts/scripts.js HTTP/1.1" 304 -
::1 - - [02/Jan/2021:05:28:27 +0000] "GET /stylesheets/style.css HTTP/1.1" 304 -
::1 - - [02/Jan/2021:05:28:29 +0000] "POST / HTTP/1.1" 500 3026
::1 - - [02/Jan/2021:05:28:29 +0000] "GET /javascripts/scripts.js HTTP/1.1" 304 -
::1 - - [02/Jan/2021:05:28:29 +0000] "GET /stylesheets/style.css HTTP/1.1" 304 -
::1 - - [02/Jan/2021:05:29:13 +0000] "GET / HTTP/1.1" 304 -
::1 - - [02/Jan/2021:05:29:13 +0000] "GET /javascripts/scripts.js HTTP/1.1" 304 -
::1 - - [02/Jan/2021:05:29:13 +0000] "GET /stylesheets/style.css HTTP/1.1" 304 -
::1 - - [02/Jan/2021:05:29:17 +0000] "POST / HTTP/1.1" 500 3026
::1 - - [02/Jan/2021:05:29:17 +0000] "GET /javascripts/scripts.js HTTP/1.1" 304 -
::1 - - [02/Jan/2021:05:29:17 +0000] "GET /stylesheets/style.css HTTP/1.1" 304 -
::1 - - [04/Jan/2021:11:38:33 +0000] "GET / HTTP/1.1" 304 -
::1 - - [04/Jan/2021:11:38:33 +0000] "GET /javascripts/scripts.js HTTP/1.1" 304 -
::1 - - [04/Jan/2021:11:38:33 +0000] "GET /stylesheets/style.css HTTP/1.1" 304 -
::1 - - [04/Jan/2021:11:38:34 +0000] "GET /favicon.ico HTTP/1.1" 404 2318
::1 - - [04/Jan/2021:11:45:09 +0000] "GET / HTTP/1.1" 304 -
::1 - - [04/Jan/2021:11:45:09 +0000] "GET /javascripts/scripts.js HTTP/1.1" 404 2966
::1 - - [04/Jan/2021:11:45:09 +0000] "GET /stylesheets/style.css HTTP/1.1" 404 2966
::1 - - [04/Jan/2021:11:46:53 +0000] "GET / HTTP/1.1" 304 -
::1 - - [04/Jan/2021:11:46:53 +0000] "GET /javascripts/scripts.js HTTP/1.1" 200 972
::1 - - [04/Jan/2021:11:46:53 +0000] "GET /stylesheets/style.css HTTP/1.1" 200 2164
::1 - - [04/Jan/2021:11:47:04 +0000] "GET / HTTP/1.1" 304 -
::1 - - [04/Jan/2021:11:47:04 +0000] "GET /javascripts/scripts.js HTTP/1.1" 304 -
::1 - - [04/Jan/2021:11:47:04 +0000] "GET /stylesheets/style.css HTTP/1.1" 304 -
::1 - - [04/Jan/2021:11:47:16 +0000] "GET / HTTP/1.1" 304 -
::1 - - [04/Jan/2021:11:47:16 +0000] "GET /javascripts/scripts.js HTTP/1.1" 304 -
::1 - - [04/Jan/2021:11:47:16 +0000] "GET /stylesheets/style.css HTTP/1.1" 304 -
::1 - - [04/Jan/2021:11:47:34 +0000] "GET / HTTP/1.1" 304 -
::1 - - [04/Jan/2021:11:47:34 +0000] "GET /javascripts/scripts.js HTTP/1.1" 304 -
::1 - - [04/Jan/2021:11:47:34 +0000] "GET /stylesheets/style.css HTTP/1.1" 304 -
::1 - - [04/Jan/2021:11:48:02 +0000] "POST / HTTP/1.1" 500 3026
::1 - - [04/Jan/2021:11:48:02 +0000] "GET /javascripts/scripts.js HTTP/1.1" 304 -
::1 - - [04/Jan/2021:11:48:02 +0000] "GET /stylesheets/style.css HTTP/1.1" 304 -
::1 - - [04/Jan/2021:11:58:56 +0000] "GET / HTTP/1.1" 304 -
::1 - - [04/Jan/2021:11:58:56 +0000] "GET /javascripts/scripts.js HTTP/1.1" 304 -
::1 - - [04/Jan/2021:11:58:56 +0000] "GET /stylesheets/style.css HTTP/1.1" 304 -
::1 - - [04/Jan/2021:11:59:00 +0000] "POST / HTTP/1.1" 500 3026
::1 - - [04/Jan/2021:11:59:00 +0000] "GET /javascripts/scripts.js HTTP/1.1" 304 -
::1 - - [04/Jan/2021:11:59:00 +0000] "GET /stylesheets/style.css HTTP/1.1" 304 -
::1 - - [04/Jan/2021:11:59:45 +0000] "GET / HTTP/1.1" 304 -
::1 - - [04/Jan/2021:11:59:45 +0000] "GET /javascripts/scripts.js HTTP/1.1" 304 -
::1 - - [04/Jan/2021:11:59:45 +0000] "GET /stylesheets/style.css HTTP/1.1" 304 -
::1 - - [04/Jan/2021:12:01:52 +0000] "GET /api/centres HTTP/1.1" 401 95
::1 - - [04/Jan/2021:12:01:54 +0000] "GET / HTTP/1.1" 304 -
::1 - - [04/Jan/2021:12:01:54 +0000] "GET /javascripts/scripts.js HTTP/1.1" 304 -
::1 - - [04/Jan/2021:12:01:54 +0000] "GET /stylesheets/style.css HTTP/1.1" 304 -
::1 - - [04/Jan/2021:12:01:57 +0000] "POST / HTTP/1.1" 500 3026
::1 - - [04/Jan/2021:12:01:57 +0000] "GET /javascripts/scripts.js HTTP/1.1" 304 -
::1 - - [04/Jan/2021:12:01:57 +0000] "GET /stylesheets/style.css HTTP/1.1" 304 -
::1 - - [04/Jan/2021:12:02:00 +0000] "GET / HTTP/1.1" 304 -
::1 - - [04/Jan/2021:12:02:00 +0000] "GET /javascripts/scripts.js HTTP/1.1" 304 -
::1 - - [04/Jan/2021:12:02:00 +0000] "GET /stylesheets/style.css HTTP/1.1" 304 -
::1 - - [04/Jan/2021:12:02:20 +0000] "POST / HTTP/1.1" 500 3026
::1 - - [04/Jan/2021:12:02:20 +0000] "GET /javascripts/scripts.js HTTP/1.1" 304 -
::1 - - [04/Jan/2021:12:02:20 +0000] "GET /stylesheets/style.css HTTP/1.1" 304 -
::1 - - [04/Jan/2021:12:04:15 +0000] "GET / HTTP/1.1" 304 -
::1 - - [04/Jan/2021:12:04:15 +0000] "GET /javascripts/scripts.js HTTP/1.1" 304 -
::1 - - [04/Jan/2021:12:04:15 +0000] "GET /stylesheets/style.css HTTP/1.1" 304 -
::1 - - [05/Jan/2021:09:31:58 +0000] "GET / HTTP/1.1" 304 -
::1 - - [05/Jan/2021:09:31:58 +0000] "GET /javascripts/scripts.js HTTP/1.1" 304 -
::1 - - [05/Jan/2021:09:31:58 +0000] "GET /stylesheets/style.css HTTP/1.1" 304 -
::1 - - [05/Jan/2021:09:31:59 +0000] "GET /favicon.ico HTTP/1.1" 404 2318
::1 - - [05/Jan/2021:09:32:13 +0000] "GET / HTTP/1.1" 304 -
::1 - - [05/Jan/2021:09:32:13 +0000] "GET /javascripts/scripts.js HTTP/1.1" 304 -
::1 - - [05/Jan/2021:09:32:13 +0000] "GET /stylesheets/style.css HTTP/1.1" 304 -
::1 - - [05/Jan/2021:09:32:18 +0000] "GET / HTTP/1.1" 304 -
::1 - - [05/Jan/2021:09:32:18 +0000] "GET /javascripts/scripts.js HTTP/1.1" 304 -
::1 - - [05/Jan/2021:09:32:18 +0000] "GET /stylesheets/style.css HTTP/1.1" 304 -
::1 - - [05/Jan/2021:09:32:23 +0000] "POST / HTTP/1.1" 500 3026
::1 - - [05/Jan/2021:09:32:23 +0000] "GET /stylesheets/style.css HTTP/1.1" 304 -
::1 - - [05/Jan/2021:09:32:23 +0000] "GET /javascripts/scripts.js HTTP/1.1" 304 -
::1 - - [05/Jan/2021:09:32:29 +0000] "GET / HTTP/1.1" 304 -
::1 - - [05/Jan/2021:09:32:29 +0000] "GET /javascripts/scripts.js HTTP/1.1" 304 -
::1 - - [05/Jan/2021:09:32:29 +0000] "GET /stylesheets/style.css HTTP/1.1" 304 -
::1 - - [05/Jan/2021:09:32:49 +0000] "GET / HTTP/1.1" 304 -
::1 - - [05/Jan/2021:09:32:49 +0000] "GET /javascripts/scripts.js HTTP/1.1" 304 -
::1 - - [05/Jan/2021:09:32:49 +0000] "GET /stylesheets/style.css HTTP/1.1" 304 -
::1 - - [05/Jan/2021:09:33:35 +0000] "GET /javascripts/scripts.js HTTP/1.1" 304 -
::1 - - [05/Jan/2021:09:33:35 +0000] "GET /stylesheets/style.css HTTP/1.1" 304 -
::1 - - [05/Jan/2021:09:33:47 +0000] "GET /javascripts/scripts.js HTTP/1.1" 304 -
::1 - - [05/Jan/2021:09:33:47 +0000] "GET /stylesheets/style.css HTTP/1.1" 304 -
::1 - - [05/Jan/2021:09:45:10 +0000] "GET / HTTP/1.1" 304 -
::1 - - [05/Jan/2021:09:45:10 +0000] "GET /javascripts/scripts.js HTTP/1.1" 304 -
::1 - - [05/Jan/2021:09:45:10 +0000] "GET /stylesheets/style.css HTTP/1.1" 304 -
::1 - - [05/Jan/2021:09:45:13 +0000] "POST / HTTP/1.1" 500 3026
::1 - - [05/Jan/2021:09:45:13 +0000] "GET /javascripts/scripts.js HTTP/1.1" 304 -
::1 - - [05/Jan/2021:09:45:13 +0000] "GET /stylesheets/style.css HTTP/1.1" 304 -
::1 - - [05/Jan/2021:09:46:17 +0000] "GET / HTTP/1.1" 304 -
::1 - - [05/Jan/2021:09:46:17 +0000] "GET /javascripts/scripts.js HTTP/1.1" 304 -
::1 - - [05/Jan/2021:09:46:17 +0000] "GET /stylesheets/style.css HTTP/1.1" 304 -
::1 - - [05/Jan/2021:09:46:32 +0000] "POST / HTTP/1.1" 500 3026
::1 - - [05/Jan/2021:09:46:32 +0000] "GET /javascripts/scripts.js HTTP/1.1" 304 -
::1 - - [05/Jan/2021:09:46:32 +0000] "GET /stylesheets/style.css HTTP/1.1" 304 -
::1 - - [05/Jan/2021:09:46:57 +0000] "GET / HTTP/1.1" 304 -
::1 - - [05/Jan/2021:09:46:57 +0000] "GET /javascripts/scripts.js HTTP/1.1" 304 -
::1 - - [05/Jan/2021:09:46:57 +0000] "GET /stylesheets/style.css HTTP/1.1" 304 -
::1 - - [05/Jan/2021:09:52:28 +0000] "GET / HTTP/1.1" 304 -
::1 - - [05/Jan/2021:09:52:28 +0000] "GET /javascripts/scripts.js HTTP/1.1" 304 -
::1 - - [05/Jan/2021:09:52:28 +0000] "GET /stylesheets/style.css HTTP/1.1" 304 -
::1 - - [05/Jan/2021:09:55:40 +0000] "GET /api/feedbacks HTTP/1.1" 401 95
::1 - - [05/Jan/2021:09:56:45 +0000] "GET /api/feedbacks HTTP/1.1" 401 95
::1 - - [05/Jan/2021:09:56:48 +0000] "GET /api/feedbacks HTTP/1.1" 401 95
::1 - - [05/Jan/2021:09:57:03 +0000] "GET / HTTP/1.1" 304 -
::1 - - [05/Jan/2021:09:57:03 +0000] "GET /javascripts/scripts.js HTTP/1.1" 304 -
::1 - - [05/Jan/2021:09:57:03 +0000] "GET /stylesheets/style.css HTTP/1.1" 304 -
::1 - - [05/Jan/2021:09:57:13 +0000] "GET /api/centres HTTP/1.1" 401 95
::1 - - [05/Jan/2021:09:58:01 +0000] "GET /api/centres HTTP/1.1" 401 95
::1 - - [05/Jan/2021:09:58:41 +0000] "GET / HTTP/1.1" 304 -
::1 - - [05/Jan/2021:09:58:41 +0000] "GET /javascripts/scripts.js HTTP/1.1" 304 -
::1 - - [05/Jan/2021:09:58:41 +0000] "GET /stylesheets/style.css HTTP/1.1" 304 -
::1 - - [05/Jan/2021:10:04:11 +0000] "POST / HTTP/1.1" 200 1194
::1 - - [05/Jan/2021:10:04:51 +0000] "GET / HTTP/1.1" 200 1346
::1 - - [05/Jan/2021:10:05:13 +0000] "POST / HTTP/1.1" 200 1194
::1 - - [05/Jan/2021:10:06:27 +0000] "POST / HTTP/1.1" 200 1194
::1 - - [05/Jan/2021:10:07:36 +0000] "POST / HTTP/1.1" 500 3026
::1 - - [05/Jan/2021:10:07:36 +0000] "GET /javascripts/scripts.js HTTP/1.1" 304 -
::1 - - [05/Jan/2021:10:07:36 +0000] "GET /stylesheets/style.css HTTP/1.1" 304 -
::1 - - [05/Jan/2021:10:15:48 +0000] "GET / HTTP/1.1" 304 -
::1 - - [05/Jan/2021:10:15:48 +0000] "GET /javascripts/scripts.js HTTP/1.1" 304 -
::1 - - [05/Jan/2021:10:15:48 +0000] "GET /stylesheets/style.css HTTP/1.1" 304 -
::1 - - [05/Jan/2021:10:15:53 +0000] "POST / HTTP/1.1" 500 3026
::1 - - [05/Jan/2021:10:15:53 +0000] "GET /javascripts/scripts.js HTTP/1.1" 304 -
::1 - - [05/Jan/2021:10:15:53 +0000] "GET /stylesheets/style.css HTTP/1.1" 304 -
::1 - - [05/Jan/2021:10:16:58 +0000] "POST / HTTP/1.1" 500 3026
::1 - - [05/Jan/2021:10:17:34 +0000] "POST / HTTP/1.1" 200 1194
::1 - - [05/Jan/2021:10:18:19 +0000] "POST / HTTP/1.1" 200 1194
::1 - - [05/Jan/2021:10:18:24 +0000] "GET / HTTP/1.1" 304 -
::1 - - [05/Jan/2021:10:18:24 +0000] "GET /javascripts/scripts.js HTTP/1.1" 304 -
::1 - - [05/Jan/2021:10:18:24 +0000] "GET /stylesheets/style.css HTTP/1.1" 304 -
::1 - - [05/Jan/2021:10:18:28 +0000] "POST / HTTP/1.1" 500 3054
::1 - - [05/Jan/2021:10:18:28 +0000] "GET /javascripts/scripts.js HTTP/1.1" 304 -
::1 - - [05/Jan/2021:10:18:28 +0000] "GET /stylesheets/style.css HTTP/1.1" 304 -
::1 - - [05/Jan/2021:10:20:27 +0000] "POST / HTTP/1.1" 200 1194
::1 - - [05/Jan/2021:10:21:05 +0000] "GET / HTTP/1.1" 304 -
::1 - - [05/Jan/2021:10:21:05 +0000] "GET /javascripts/scripts.js HTTP/1.1" 304 -
::1 - - [05/Jan/2021:10:21:05 +0000] "GET /stylesheets/style.css HTTP/1.1" 304 -
::1 - - [05/Jan/2021:10:21:10 +0000] "POST / HTTP/1.1" 500 3054
::1 - - [05/Jan/2021:10:21:10 +0000] "GET /javascripts/scripts.js HTTP/1.1" 304 -
::1 - - [05/Jan/2021:10:21:10 +0000] "GET /stylesheets/style.css HTTP/1.1" 304 -
::1 - - [05/Jan/2021:10:28:15 +0000] "GET / HTTP/1.1" 304 -
::1 - - [05/Jan/2021:10:28:15 +0000] "GET /javascripts/scripts.js HTTP/1.1" 304 -
::1 - - [05/Jan/2021:10:28:15 +0000] "GET /stylesheets/style.css HTTP/1.1" 304 -
::1 - - [05/Jan/2021:10:28:18 +0000] "POST / HTTP/1.1" 500 3054
::1 - - [05/Jan/2021:10:28:18 +0000] "GET /javascripts/scripts.js HTTP/1.1" 304 -
::1 - - [05/Jan/2021:10:28:18 +0000] "GET /stylesheets/style.css HTTP/1.1" 304 -
::1 - - [05/Jan/2021:10:31:07 +0000] "GET / HTTP/1.1" 304 -
::1 - - [05/Jan/2021:10:31:10 +0000] "POST / HTTP/1.1" 500 3054
::1 - - [05/Jan/2021:10:35:45 +0000] "GET / HTTP/1.1" 304 -
::1 - - [05/Jan/2021:10:35:47 +0000] "POST / HTTP/1.1" 200 1153
::1 - - [05/Jan/2021:10:35:56 +0000] "POST / HTTP/1.1" 200 1194
::1 - - [05/Jan/2021:10:35:56 +0000] "GET /api/feedbacks HTTP/1.1" 200 4532
::1 - - [05/Jan/2021:10:36:26 +0000] "GET / HTTP/1.1" 200 1112
::1 - - [05/Jan/2021:10:36:45 +0000] "POST / HTTP/1.1" 200 1194
::1 - - [05/Jan/2021:10:36:46 +0000] "GET /api/feedbacks HTTP/1.1" 304 -
::1 - - [05/Jan/2021:10:37:34 +0000] "GET / HTTP/1.1" 200 1112
::1 - - [05/Jan/2021:10:37:36 +0000] "POST / HTTP/1.1" 500 3026
::1 - - [05/Jan/2021:10:37:57 +0000] "GET / HTTP/1.1" 304 -
::1 - - [05/Jan/2021:10:38:40 +0000] "GET / HTTP/1.1" 304 -
::ffff:127.0.0.1 - - [05/Jan/2021:10:38:42 +0000] "POST / HTTP/1.1" 500 3026
::ffff:127.0.0.1 - - [05/Jan/2021:10:38:57 +0000] "GET / HTTP/1.1" 304 -
::1 - - [05/Jan/2021:10:39:04 +0000] "POST / HTTP/1.1" 200 1194
::1 - - [05/Jan/2021:10:39:04 +0000] "GET /api/feedbacks HTTP/1.1" 304 -
::1 - - [05/Jan/2021:10:40:06 +0000] "GET / HTTP/1.1" 200 1112
::1 - - [05/Jan/2021:10:40:16 +0000] "POST / HTTP/1.1" 200 1153
::1 - - [05/Jan/2021:10:40:28 +0000] "POST / HTTP/1.1" 200 1194
::1 - - [05/Jan/2021:10:40:29 +0000] "GET /api/feedbacks HTTP/1.1" 304 -
::1 - - [05/Jan/2021:10:41:10 +0000] "GET /api/showResults HTTP/1.1" 200 2385
::1 - - [05/Jan/2021:10:41:12 +0000] "GET /api/showResults HTTP/1.1" 304 -
::1 - - [05/Jan/2021:10:41:51 +0000] "GET /api/feedbacks HTTP/1.1" 304 -
::1 - - [05/Jan/2021:10:42:16 +0000] "POST /api/feedbacks HTTP/1.1" 200 4532
::1 - - [05/Jan/2021:10:42:19 +0000] "GET /api/showResults HTTP/1.1" 200 2387
::1 - - [05/Jan/2021:10:42:58 +0000] "GET /api/feedbacks HTTP/1.1" 200 4532
::1 - - [06/Jan/2021:10:13:31 +0000] "GET / HTTP/1.1" 200 1346
::1 - - [08/Jan/2021:08:26:59 +0000] "GET / HTTP/1.1" 304 -
::1 - - [08/Jan/2021:08:27:01 +0000] "GET / HTTP/1.1" 304 -
::1 - - [08/Jan/2021:08:30:00 +0000] "GET / HTTP/1.1" 500 3008
::1 - - [08/Jan/2021:12:22:16 +0000] "GET / HTTP/1.1" 200 1346
::1 - - [08/Jan/2021:12:22:23 +0000] "GET / HTTP/1.1" 304 -
::1 - - [08/Jan/2021:12:22:27 +0000] "POST / HTTP/1.1" 200 1606
::1 - - [08/Jan/2021:12:22:34 +0000] "GET /api/foods HTTP/1.1" 403 92
::1 - - [08/Jan/2021:12:22:36 +0000] "GET / HTTP/1.1" 200 1346
::1 - - [08/Jan/2021:12:22:43 +0000] "POST / HTTP/1.1" 200 1194
::1 - - [08/Jan/2021:12:22:43 +0000] "GET /api/feedbacks HTTP/1.1" 200 4749
::1 - - [08/Jan/2021:12:22:51 +0000] "GET /api/users HTTP/1.1" 200 1533
